\BOOKMARK [1][-]{section*.2}{Abstract}{}% 1
\BOOKMARK [1][-]{section*.3}{Acknoledgements}{}% 2
\BOOKMARK [1][-]{section*.5}{Key abbreviations}{}% 3
\BOOKMARK [1][-]{section.1}{Introduction}{}% 4
\BOOKMARK [2][-]{subsection.1.1}{History of Mobile Robots}{section.1}% 5
\BOOKMARK [2][-]{subsection.1.2}{Project Objectives}{section.1}% 6
\BOOKMARK [2][-]{subsection.1.3}{Limitations}{section.1}% 7
\BOOKMARK [2][-]{subsection.1.4}{Overview on the project parts}{section.1}% 8
\BOOKMARK [1][-]{section.2}{User Manual and GUI}{}% 9
\BOOKMARK [2][-]{subsection.2.1}{Main Scene of Application}{section.2}% 10
\BOOKMARK [2][-]{subsection.2.2}{Manned Mode}{section.2}% 11
\BOOKMARK [2][-]{subsection.2.3}{Autonomous mode}{section.2}% 12
\BOOKMARK [2][-]{subsection.2.4}{Developer Mode}{section.2}% 13
\BOOKMARK [1][-]{section.3}{System Structure and Proposed Algorithm}{}% 14
\BOOKMARK [2][-]{subsection.3.1}{Robots Operating System \(ROS\)}{section.3}% 15
\BOOKMARK [2][-]{subsection.3.2}{Project Nodes and Communication Process}{section.3}% 16
\BOOKMARK [2][-]{subsection.3.3}{Proposed Algorithm for Autonomous Navigation}{section.3}% 17
\BOOKMARK [1][-]{section.4}{GUI Implementation}{}% 18
\BOOKMARK [2][-]{subsection.4.1}{Connection with the Raspberry Pi}{section.4}% 19
\BOOKMARK [2][-]{subsection.4.2}{Video Stream from IP Camera}{section.4}% 20
\BOOKMARK [2][-]{subsection.4.3}{JavaFx software platform}{section.4}% 21
\BOOKMARK [1][-]{section.5}{Mapping of Environment}{}% 22
\BOOKMARK [2][-]{subsection.5.1}{Introduction}{section.5}% 23
\BOOKMARK [2][-]{subsection.5.2}{Mapping Algorithms considered}{section.5}% 24
\BOOKMARK [3][-]{subsubsection.5.2.1}{Greedy Best First Search\(GBFS\) Algorithm :}{subsection.5.2}% 25
\BOOKMARK [3][-]{subsubsection.5.2.2}{A* Algorithm:}{subsection.5.2}% 26
\BOOKMARK [3][-]{subsubsection.5.2.3}{Algorithm used in our project}{subsection.5.2}% 27
\BOOKMARK [2][-]{subsection.5.3}{Mapping Example of indoor environment}{section.5}% 28
\BOOKMARK [1][-]{section.6}{Computer Vision}{}% 29
\BOOKMARK [2][-]{subsection.6.1}{Landmark detection for Localization}{section.6}% 30
\BOOKMARK [2][-]{subsection.6.2}{Using Computer Vision for obstacle avoiding}{section.6}% 31
\BOOKMARK [3][-]{subsubsection.6.2.1}{Canny Technique}{subsection.6.2}% 32
\BOOKMARK [3][-]{subsubsection.6.2.2}{Floor Subtraction Technique}{subsection.6.2}% 33
\BOOKMARK [3][-]{subsubsection.6.2.3}{Stereo BM/SGBM Techniques}{subsection.6.2}% 34
\BOOKMARK [3][-]{subsubsection.6.2.4}{Used Method}{subsection.6.2}% 35
\BOOKMARK [1][-]{section.7}{Hardware Node and Modules Tree Structure}{}% 36
\BOOKMARK [2][-]{subsection.7.1}{Hardware ROS node}{section.7}% 37
\BOOKMARK [2][-]{subsection.7.2}{Low-level Hardware Kits and Modules}{section.7}% 38
\BOOKMARK [2][-]{subsection.7.3}{Hardware Tree Structure}{section.7}% 39
\BOOKMARK [2][-]{subsection.7.4}{Electronics Involved in Project}{section.7}% 40
\BOOKMARK [3][-]{subsubsection.7.4.1}{Processing Units}{subsection.7.4}% 41
\BOOKMARK [3][-]{subsubsection.7.4.2}{Kits and Sensor modules}{subsection.7.4}% 42
\BOOKMARK [3][-]{subsubsection.7.4.3}{Power Sources}{subsection.7.4}% 43
\BOOKMARK [3][-]{subsubsection.7.4.4}{Passive Components}{subsection.7.4}% 44
\BOOKMARK [1][-]{section.8}{Software Implementation of Micro-Controller nodes}{}% 45
\BOOKMARK [2][-]{subsection.8.1}{WiFi Remote Controller}{section.8}% 46
\BOOKMARK [2][-]{subsection.8.2}{Manipulator Node}{section.8}% 47
\BOOKMARK [2][-]{subsection.8.3}{Sensors Node}{section.8}% 48
\BOOKMARK [1][-]{section.9}{Design of PID Controller and feedback}{}% 49
\BOOKMARK [2][-]{subsection.9.1}{About The Controlled Process}{section.9}% 50
\BOOKMARK [2][-]{subsection.9.2}{PID Controller}{section.9}% 51
\BOOKMARK [3][-]{subsubsection.9.2.1}{Theoretical Background about PID}{subsection.9.2}% 52
\BOOKMARK [3][-]{subsubsection.9.2.2}{Practical implementation}{subsection.9.2}% 53
\BOOKMARK [3][-]{subsubsection.9.2.3}{Software Implementation of PID}{subsection.9.2}% 54
\BOOKMARK [2][-]{subsection.9.3}{Design of Feedback}{section.9}% 55
\BOOKMARK [1][-]{section.10}{Mechanical Design}{}% 56
\BOOKMARK [2][-]{subsection.10.1}{Choosing Suitable DC Motor 203}{section.10}% 57
\BOOKMARK [2][-]{subsection.10.2}{Robot Dimensions and Design Considerations}{section.10}% 58
\BOOKMARK [2][-]{subsection.10.3}{Mechanical Parts}{section.10}% 59
