\BOOKMARK [0][-]{chapter*.2}{Abstract}{}% 1
\BOOKMARK [0][-]{chapter*.3}{Acknowledgements}{}% 2
\BOOKMARK [0][-]{chapter*.5}{Key abbreviations}{}% 3
\BOOKMARK [0][-]{chapter.1}{Introduction}{}% 4
\BOOKMARK [1][-]{section.1.1}{History of Mobile Robots}{chapter.1}% 5
\BOOKMARK [1][-]{section.1.2}{Project Objectives}{chapter.1}% 6
\BOOKMARK [1][-]{section.1.3}{Limitations}{chapter.1}% 7
\BOOKMARK [1][-]{section.1.4}{Overview on the project parts}{chapter.1}% 8
\BOOKMARK [0][-]{chapter.2}{User Manual and GUI}{}% 9
\BOOKMARK [1][-]{section.2.1}{Main Scene of Application}{chapter.2}% 10
\BOOKMARK [1][-]{section.2.2}{Manned Mode}{chapter.2}% 11
\BOOKMARK [1][-]{section.2.3}{Autonomous mode}{chapter.2}% 12
\BOOKMARK [1][-]{section.2.4}{Developer Mode}{chapter.2}% 13
\BOOKMARK [0][-]{chapter.3}{System Structure and Proposed Algorithm}{}% 14
\BOOKMARK [1][-]{section.3.1}{Robots Operating System \(ROS\)}{chapter.3}% 15
\BOOKMARK [1][-]{section.3.2}{Project Nodes and Communication Process}{chapter.3}% 16
\BOOKMARK [1][-]{section.3.3}{Proposed Algorithm for Autonomous Navigation}{chapter.3}% 17
\BOOKMARK [0][-]{chapter.4}{GUI Implementation}{}% 18
\BOOKMARK [1][-]{section.4.1}{Connection with the Raspberry Pi}{chapter.4}% 19
\BOOKMARK [1][-]{section.4.2}{Video Stream from IP Camera}{chapter.4}% 20
\BOOKMARK [1][-]{section.4.3}{JavaFx software platform}{chapter.4}% 21
\BOOKMARK [0][-]{chapter.5}{Mapping of Environment}{}% 22
\BOOKMARK [1][-]{section.5.1}{Introduction}{chapter.5}% 23
\BOOKMARK [1][-]{section.5.2}{Mapping Algorithms considered}{chapter.5}% 24
\BOOKMARK [2][-]{subsection.5.2.1}{Greedy Best First Search\(GBFS\) Algorithm :}{section.5.2}% 25
\BOOKMARK [2][-]{subsection.5.2.2}{A* Algorithm:}{section.5.2}% 26
\BOOKMARK [2][-]{subsection.5.2.3}{Algorithm used in our project}{section.5.2}% 27
\BOOKMARK [1][-]{section.5.3}{Mapping Example of indoor environment}{chapter.5}% 28
\BOOKMARK [0][-]{chapter.6}{Computer Vision}{}% 29
\BOOKMARK [1][-]{section.6.1}{Landmark detection for Localization}{chapter.6}% 30
\BOOKMARK [1][-]{section.6.2}{Using Computer Vision for obstacle avoiding}{chapter.6}% 31
\BOOKMARK [2][-]{subsection.6.2.1}{Canny Technique}{section.6.2}% 32
\BOOKMARK [2][-]{subsection.6.2.2}{Floor Subtraction Technique}{section.6.2}% 33
\BOOKMARK [2][-]{subsection.6.2.3}{Stereo BM/SGBM Techniques}{section.6.2}% 34
\BOOKMARK [2][-]{subsection.6.2.4}{Used Method}{section.6.2}% 35
\BOOKMARK [0][-]{chapter.7}{Hardware Node and Modules Tree Structure}{}% 36
\BOOKMARK [1][-]{section.7.1}{Hardware ROS node}{chapter.7}% 37
\BOOKMARK [1][-]{section.7.2}{Low-level Hardware Kits and Modules}{chapter.7}% 38
\BOOKMARK [1][-]{section.7.3}{Hardware Tree Structure}{chapter.7}% 39
\BOOKMARK [1][-]{section.7.4}{Electronics Involved in Project}{chapter.7}% 40
\BOOKMARK [2][-]{subsection.7.4.1}{Processing Units}{section.7.4}% 41
\BOOKMARK [2][-]{subsection.7.4.2}{Kits and Sensor modules}{section.7.4}% 42
\BOOKMARK [2][-]{subsection.7.4.3}{Power Sources}{section.7.4}% 43
\BOOKMARK [2][-]{subsection.7.4.4}{Passive Components}{section.7.4}% 44
\BOOKMARK [0][-]{chapter.8}{Software Implementation of Micro-Controller nodes}{}% 45
\BOOKMARK [1][-]{section.8.1}{WiFi Remote Controller}{chapter.8}% 46
\BOOKMARK [1][-]{section.8.2}{Manipulator Node}{chapter.8}% 47
\BOOKMARK [1][-]{section.8.3}{Sensors Node}{chapter.8}% 48
\BOOKMARK [0][-]{chapter.9}{Design of PID Controller and feedback}{}% 49
\BOOKMARK [1][-]{section.9.1}{About The Controlled Process}{chapter.9}% 50
\BOOKMARK [1][-]{section.9.2}{PID Controller}{chapter.9}% 51
\BOOKMARK [2][-]{subsection.9.2.1}{Theoretical Background about PID}{section.9.2}% 52
\BOOKMARK [2][-]{subsection.9.2.2}{Practical implementation}{section.9.2}% 53
\BOOKMARK [2][-]{subsection.9.2.3}{Software Implementation of PID}{section.9.2}% 54
\BOOKMARK [1][-]{section.9.3}{Design of Feedback}{chapter.9}% 55
\BOOKMARK [0][-]{chapter.10}{Mechanical Design}{}% 56
\BOOKMARK [1][-]{section.10.1}{Choosing Suitable DC Motor 203}{chapter.10}% 57
\BOOKMARK [1][-]{section.10.2}{Robot Dimensions and Design Considerations}{chapter.10}% 58
\BOOKMARK [1][-]{section.10.3}{Mechanical Parts}{chapter.10}% 59
\BOOKMARK [0][-]{chapter.11}{Future Work}{}% 60
